<?xml version="1.0" encoding="utf-8" standalone="no"?>
<!--This file represents the results of running a test suite-->
<test-results name="/home/carlosble/svns/boxerp/trunk/src/tests/test.dll" total="4" failures="1" not-run="0" date="25/10/2006" time="0:53">
  <test-suite name="/home/carlosble/svns/boxerp/trunk/src/tests/test.dll" success="False" time="1,485583" asserts="0">
    <results>
      <test-suite name="Test1" success="True" time="0,570256" asserts="0">
        <results>
          <test-case name="Test1.GetUsersWithoutLogin" executed="True" success="True" time="0.549" asserts="1" />
        </results>
      </test-suite>
      <test-suite name="Test2" success="False" time="0,884739" asserts="0">
        <results>
          <test-case name="Test2.GetUsers" executed="True" success="True" time="0.606" asserts="1" />
          <test-case name="Test2.GetGroups" executed="True" success="True" time="0.039" asserts="1" />
          <test-case name="Test2.SaveUsers" executed="True" success="False" time="0.213" asserts="2">
            <failure>
              <message><![CDATA[
	expected:<-1>
	 but was:<0>]]></message>
              <stack-trace><![CDATA[in <0x000e2> Test2:SaveUsers ()
in <0x00000> <unknown method>
in (wrapper managed-to-native) System.Reflection.MonoMethod:InternalInvoke (object,object[])
in <0x0008d> System.Reflection.MonoMethod:Invoke (System.Object obj, BindingFlags invokeAttr, System.Reflection.Binder binder, System.Object[] parameters, System.Globalization.CultureInfo culture)
]]></stack-trace>
            </failure>
          </test-case>
        </results>
      </test-suite>
    </results>
  </test-suite>
</test-results>